<?xml version="1.0" encoding="UTF-8"?>
<!-- Generated by org.testng.reporters.JUnitReportReporter -->
<testsuite hostname="LAPTOP-EALG3IRK" failures="0" tests="3" name="nucotjulypomseries.tests.LoginPageTest" time="4.503" errors="0" timestamp="2023-10-04T15:16:02 IST" skipped="0">
  <testcase classname="nucotjulypomseries.tests.LoginPageTest" name="loginPageUrlTest" time="0.019"/>
  <testcase classname="nucotjulypomseries.tests.LoginPageTest" name="loginPageTitleTest" time="0.011"/>
  <testcase classname="nucotjulypomseries.tests.LoginPageTest" name="loginTest" time="4.473"/>
</testsuite> <!-- nucotjulypomseries.tests.LoginPageTest -->
